[2025-01-10 10:33:07,811: INFO: common: yaml file  from these path config\config.yaml successfully loaded]
[2025-01-10 10:37:19,804: INFO: common: yaml file  from these path config\config.yaml successfully loaded]
[2025-01-10 10:37:28,413: INFO: common: yaml file  from these path config\config.yaml successfully loaded]
[2025-01-10 10:37:44,387: INFO: common: yaml file  from these path config\config.yaml successfully loaded]
[2025-01-10 10:39:27,137: INFO: common: yaml file  from these path config\config.yaml successfully loaded]
[2025-01-10 10:39:27,137: INFO: common: yaml file  from these path params.yaml successfully loaded]
[2025-01-10 10:40:29,050: INFO: common: yaml file  from these path config\config.yaml successfully loaded]
[2025-01-10 10:40:29,069: INFO: common: yaml file  from these path params.yaml successfully loaded]
[2025-01-10 10:40:29,069: INFO: common: yaml file  from these path schema.yaml successfully loaded]
[2025-01-10 10:40:29,077: INFO: common: successfully created directory at :artifacts]
[2025-01-10 10:40:29,078: INFO: common: successfully created directory at :artifacts/data_ingestion]
[2025-01-10 10:48:35,872: INFO: common: yaml file  from these path config\config.yaml successfully loaded]
[2025-01-10 10:48:35,872: INFO: common: yaml file  from these path params.yaml successfully loaded]
[2025-01-10 10:48:35,875: INFO: common: yaml file  from these path schema.yaml successfully loaded]
[2025-01-10 10:48:35,876: INFO: common: successfully created directory at :artifacts]
[2025-01-10 10:48:35,877: INFO: common: successfully created directory at :artifacts/data_ingestion]
[2025-01-10 10:52:59,082: INFO: common: yaml file  from these path config\config.yaml successfully loaded]
[2025-01-10 10:52:59,082: INFO: common: yaml file  from these path params.yaml successfully loaded]
[2025-01-10 10:52:59,082: INFO: common: yaml file  from these path schema.yaml successfully loaded]
[2025-01-10 10:52:59,087: INFO: common: successfully created directory at :artifacts]
[2025-01-10 10:52:59,087: INFO: common: successfully created directory at :artifacts/data_ingestion]
[2025-01-10 10:58:03,822: INFO: common: yaml file  from these path config\config.yaml successfully loaded]
[2025-01-10 10:58:03,823: INFO: common: yaml file  from these path params.yaml successfully loaded]
[2025-01-10 10:58:03,823: INFO: common: yaml file  from these path schema.yaml successfully loaded]
[2025-01-10 10:58:03,823: INFO: common: successfully created directory at :artifacts]
[2025-01-10 10:58:03,823: INFO: common: successfully created directory at :artifacts/data_ingestion]
[2025-01-10 10:58:12,832: INFO: 2844951490: artifacts/data_ingestion/data.zip download! with following info:
Connection: close
Content-Length: 23329
Cache-Control: max-age=300
Content-Security-Policy: default-src 'none'; style-src 'unsafe-inline'; sandbox
Content-Type: application/zip
ETag: "c69888a4ae59bc5a893392785a938ccd4937981c06ba8a9d6a21aa52b4ab5b6e"
Strict-Transport-Security: max-age=31536000
X-Content-Type-Options: nosniff
X-Frame-Options: deny
X-XSS-Protection: 1; mode=block
X-GitHub-Request-Id: 7B3C:44F9E:5C8C9:9E6B9:6780ADAF
Accept-Ranges: bytes
Date: Fri, 10 Jan 2025 05:28:10 GMT
Via: 1.1 varnish
X-Served-By: cache-maa10245-MAA
X-Cache: HIT
X-Cache-Hits: 0
X-Timer: S1736486890.453712,VS0,VE261
Vary: Authorization,Accept-Encoding,Origin
Access-Control-Allow-Origin: *
Cross-Origin-Resource-Policy: cross-origin
X-Fastly-Request-ID: 0ff20e806eecca833f96f11a2419a318d8f2bde4
Expires: Fri, 10 Jan 2025 05:33:10 GMT
Source-Age: 0

]
[2025-01-10 10:59:52,258: INFO: common: yaml file  from these path config\config.yaml successfully loaded]
[2025-01-10 10:59:52,262: INFO: common: yaml file  from these path params.yaml successfully loaded]
[2025-01-10 10:59:52,263: INFO: common: yaml file  from these path schema.yaml successfully loaded]
[2025-01-10 10:59:52,267: INFO: common: successfully created directory at :artifacts]
[2025-01-10 10:59:52,267: INFO: common: successfully created directory at :artifacts/data_ingestion]
[2025-01-10 10:59:54,398: INFO: 2844951490: artifacts/data_ingestion/data.zip download! with following info:
Connection: close
Content-Length: 23329
Cache-Control: max-age=300
Content-Security-Policy: default-src 'none'; style-src 'unsafe-inline'; sandbox
Content-Type: application/zip
ETag: "c69888a4ae59bc5a893392785a938ccd4937981c06ba8a9d6a21aa52b4ab5b6e"
Strict-Transport-Security: max-age=31536000
X-Content-Type-Options: nosniff
X-Frame-Options: deny
X-XSS-Protection: 1; mode=block
X-GitHub-Request-Id: 7B3C:44F9E:5C8C9:9E6B9:6780ADAF
Accept-Ranges: bytes
Date: Fri, 10 Jan 2025 05:29:52 GMT
Via: 1.1 varnish
X-Served-By: cache-maa10251-MAA
X-Cache: HIT
X-Cache-Hits: 0
X-Timer: S1736486993.740187,VS0,VE1
Vary: Authorization,Accept-Encoding,Origin
Access-Control-Allow-Origin: *
Cross-Origin-Resource-Policy: cross-origin
X-Fastly-Request-ID: 2b1f51ae33eca9421210f2d50715b62aa6b50031
Expires: Fri, 10 Jan 2025 05:34:52 GMT
Source-Age: 102

]
[2025-01-10 10:59:54,413: INFO: 2844951490: Extracted files to artifacts/data_ingestion]
[2025-01-10 12:28:38,114: INFO: common: yaml file  from these path config\config.yaml successfully loaded]
[2025-01-10 12:28:38,119: INFO: common: yaml file  from these path params.yaml successfully loaded]
[2025-01-10 12:28:38,130: INFO: common: yaml file  from these path schema.yaml successfully loaded]
[2025-01-10 12:28:38,135: INFO: common: successfully created directory at :artifacts]
[2025-01-10 12:28:38,135: INFO: common: successfully created directory at :artifacts/data_validation]
[2025-01-10 12:32:19,758: INFO: common: yaml file  from these path config\config.yaml successfully loaded]
[2025-01-10 12:32:19,759: INFO: common: yaml file  from these path params.yaml successfully loaded]
[2025-01-10 12:32:19,763: INFO: common: yaml file  from these path schema.yaml successfully loaded]
[2025-01-10 12:32:19,765: INFO: common: successfully created directory at :artifacts]
[2025-01-10 12:32:19,766: INFO: common: successfully created directory at :artifacts/data_validation]
[2025-01-10 13:02:04,946: INFO: main: >>>>>> stage Date Ingestion Stage ... started]
[2025-01-10 13:02:04,961: INFO: common: yaml file  from these path config\config.yaml successfully loaded]
[2025-01-10 13:02:04,961: INFO: common: yaml file  from these path params.yaml successfully loaded]
[2025-01-10 13:02:04,961: INFO: common: yaml file  from these path schema.yaml successfully loaded]
[2025-01-10 13:02:04,961: INFO: common: successfully created directory at :artifacts]
[2025-01-10 13:02:04,961: INFO: common: successfully created directory at :artifacts/data_ingestion]
[2025-01-10 13:02:04,961: INFO: data_ingestion: file already exists]
[2025-01-10 13:02:04,961: INFO: data_ingestion: Extracted files to artifacts/data_ingestion]
[2025-01-10 13:02:04,961: INFO: main: >>>> stage Date Ingestion Stage completed......]
[2025-01-10 13:02:04,961: INFO: main: >>>>>> stage Date validation Stage ... started]
[2025-01-10 13:02:04,977: INFO: common: yaml file  from these path config\config.yaml successfully loaded]
[2025-01-10 13:02:04,977: INFO: common: yaml file  from these path params.yaml successfully loaded]
[2025-01-10 13:02:04,977: INFO: common: yaml file  from these path schema.yaml successfully loaded]
[2025-01-10 13:02:04,977: INFO: common: successfully created directory at :artifacts]
[2025-01-10 13:02:04,982: INFO: common: successfully created directory at :artifacts/data_validation]
[2025-01-10 13:02:05,014: INFO: main: >>>> stage Date validation Stage completed......]
[2025-01-10 13:02:05,014: INFO: main: logging Successfully]
[2025-01-10 14:39:39,218: INFO: common: yaml file  from these path config\config.yaml successfully loaded]
[2025-01-10 14:39:39,222: INFO: common: yaml file  from these path params.yaml successfully loaded]
[2025-01-10 14:39:39,242: INFO: common: yaml file  from these path schema.yaml successfully loaded]
[2025-01-10 14:39:39,242: INFO: common: successfully created directory at :artifacts]
[2025-01-10 14:39:39,247: INFO: common: successfully created directory at :artifacts/data_transformation]
[2025-01-10 14:39:39,279: INFO: 3809822235: splitted data into train test split:]
[2025-01-10 14:39:39,284: INFO: 3809822235: (1199, 12)]
[2025-01-10 14:39:39,284: INFO: 3809822235: (400, 12)]
[2025-01-10 15:09:14,506: INFO: main: >>>>>> stage Date Ingestion Stage ... started]
[2025-01-10 15:09:14,508: INFO: common: yaml file  from these path config\config.yaml successfully loaded]
[2025-01-10 15:09:14,508: INFO: common: yaml file  from these path params.yaml successfully loaded]
[2025-01-10 15:09:14,517: INFO: common: yaml file  from these path schema.yaml successfully loaded]
[2025-01-10 15:09:14,517: INFO: common: successfully created directory at :artifacts]
[2025-01-10 15:09:14,520: INFO: common: successfully created directory at :artifacts/data_ingestion]
[2025-01-10 15:09:14,520: INFO: data_ingestion: file already exists]
[2025-01-10 15:09:14,525: INFO: data_ingestion: Extracted files to artifacts/data_ingestion]
[2025-01-10 15:09:14,525: INFO: main: >>>> stage Date Ingestion Stage completed......]
[2025-01-10 15:09:14,525: INFO: main: >>>>>> stage Date validation Stage ... started]
[2025-01-10 15:09:14,532: INFO: common: yaml file  from these path config\config.yaml successfully loaded]
[2025-01-10 15:09:14,532: INFO: common: yaml file  from these path params.yaml successfully loaded]
[2025-01-10 15:09:14,532: INFO: common: yaml file  from these path schema.yaml successfully loaded]
[2025-01-10 15:09:14,532: INFO: common: successfully created directory at :artifacts]
[2025-01-10 15:09:14,540: INFO: common: successfully created directory at :artifacts/data_validation]
[2025-01-10 15:09:14,585: INFO: main: >>>> stage Date validation Stage completed......]
[2025-01-10 15:09:14,585: INFO: main: >>>>>> stage Data Transformation Stage ... started]
[2025-01-10 15:09:14,600: INFO: common: yaml file  from these path config\config.yaml successfully loaded]
[2025-01-10 15:09:14,608: INFO: common: yaml file  from these path params.yaml successfully loaded]
[2025-01-10 15:09:14,608: INFO: common: yaml file  from these path schema.yaml successfully loaded]
[2025-01-10 15:09:14,608: INFO: common: successfully created directory at :artifacts]
[2025-01-10 15:09:14,608: INFO: common: successfully created directory at :artifacts/data_transformation]
[2025-01-10 15:09:14,626: INFO: data_transformation: splitted data into train test split:]
[2025-01-10 15:09:14,626: INFO: data_transformation: (1199, 12)]
[2025-01-10 15:09:14,626: INFO: data_transformation: (400, 12)]
[2025-01-10 15:09:14,632: INFO: main: >>>> stage Data Transformation Stage completed......]
[2025-01-10 15:09:14,632: INFO: main: logging Successfully]
[2025-01-10 20:05:18,379: INFO: common: yaml file  from these path config\config.yaml successfully loaded]
[2025-01-10 20:05:18,393: INFO: common: yaml file  from these path params.yaml successfully loaded]
[2025-01-10 20:05:18,399: INFO: common: yaml file  from these path schema.yaml successfully loaded]
[2025-01-10 20:05:18,399: INFO: common: successfully created directory at :artifacts]
[2025-01-10 20:05:18,399: INFO: common: successfully created directory at :artifacts/model_trainer]
[2025-01-10 20:07:58,746: INFO: common: yaml file  from these path config\config.yaml successfully loaded]
[2025-01-10 20:07:58,749: INFO: common: yaml file  from these path params.yaml successfully loaded]
[2025-01-10 20:07:58,752: INFO: common: yaml file  from these path schema.yaml successfully loaded]
[2025-01-10 20:07:58,752: INFO: common: successfully created directory at :artifacts]
[2025-01-10 20:07:58,752: INFO: common: successfully created directory at :artifacts/model_trainer]
[2025-01-10 20:09:06,237: INFO: common: yaml file  from these path config\config.yaml successfully loaded]
[2025-01-10 20:09:06,239: INFO: common: yaml file  from these path params.yaml successfully loaded]
[2025-01-10 20:09:06,245: INFO: common: yaml file  from these path schema.yaml successfully loaded]
[2025-01-10 20:09:06,245: INFO: common: successfully created directory at :artifacts]
[2025-01-10 20:09:06,245: INFO: common: successfully created directory at :artifacts/model_trainer]
[2025-01-10 20:09:06,261: INFO: 1649909055: Model successfully saved as binary file]
[2025-01-10 20:27:04,242: INFO: main: >>>>>> stage Date Ingestion Stage ... started]
[2025-01-10 20:27:04,242: INFO: common: yaml file  from these path config\config.yaml successfully loaded]
[2025-01-10 20:27:04,242: INFO: common: yaml file  from these path params.yaml successfully loaded]
[2025-01-10 20:27:04,242: INFO: common: yaml file  from these path schema.yaml successfully loaded]
[2025-01-10 20:27:04,242: INFO: common: successfully created directory at :artifacts]
[2025-01-10 20:27:04,242: INFO: common: successfully created directory at :artifacts/data_ingestion]
[2025-01-10 20:27:04,258: INFO: data_ingestion: file already exists]
[2025-01-10 20:27:04,267: INFO: data_ingestion: Extracted files to artifacts/data_ingestion]
[2025-01-10 20:27:04,267: INFO: main: >>>> stage Date Ingestion Stage completed......]
[2025-01-10 20:27:04,267: INFO: main: >>>>>> stage Date validation Stage ... started]
[2025-01-10 20:27:04,281: INFO: common: yaml file  from these path config\config.yaml successfully loaded]
[2025-01-10 20:27:04,295: INFO: common: yaml file  from these path params.yaml successfully loaded]
[2025-01-10 20:27:04,297: INFO: common: yaml file  from these path schema.yaml successfully loaded]
[2025-01-10 20:27:04,297: INFO: common: successfully created directory at :artifacts]
[2025-01-10 20:27:04,297: INFO: common: successfully created directory at :artifacts/data_validation]
[2025-01-10 20:27:04,318: INFO: main: >>>> stage Date validation Stage completed......]
[2025-01-10 20:27:04,323: INFO: main: >>>>>> stage Data Transformation Stage ... started]
[2025-01-10 20:27:04,348: INFO: common: yaml file  from these path config\config.yaml successfully loaded]
[2025-01-10 20:27:04,348: INFO: common: yaml file  from these path params.yaml successfully loaded]
[2025-01-10 20:27:04,348: INFO: common: yaml file  from these path schema.yaml successfully loaded]
[2025-01-10 20:27:04,348: INFO: common: successfully created directory at :artifacts]
[2025-01-10 20:27:04,348: INFO: common: successfully created directory at :artifacts/data_transformation]
[2025-01-10 20:27:04,364: INFO: data_transformation: splitted data into train test split:]
[2025-01-10 20:27:04,364: INFO: data_transformation: (1199, 12)]
[2025-01-10 20:27:04,372: INFO: data_transformation: (400, 12)]
[2025-01-10 20:27:04,372: INFO: main: >>>> stage Data Transformation Stage completed......]
[2025-01-10 20:27:04,372: INFO: main: -----Stage Model Trainer Stage .......Started]
[2025-01-10 20:27:04,378: INFO: common: yaml file  from these path config\config.yaml successfully loaded]
[2025-01-10 20:27:04,380: INFO: common: yaml file  from these path params.yaml successfully loaded]
[2025-01-10 20:27:04,380: INFO: common: yaml file  from these path schema.yaml successfully loaded]
[2025-01-10 20:27:04,380: INFO: common: successfully created directory at :artifacts]
[2025-01-10 20:27:04,380: INFO: common: successfully created directory at :artifacts/model_trainer]
[2025-01-10 20:27:04,472: INFO: model_trainer: Model successfully saved as binary file]
[2025-01-10 20:27:04,472: INFO: main: -----Satge Model Trainer Stage .......completed]
[2025-01-10 20:27:04,472: INFO: main: logging Successfully]
[2025-01-10 22:35:59,201: INFO: common: yaml file  from these path config\config.yaml successfully loaded]
[2025-01-10 22:35:59,201: INFO: common: yaml file  from these path params.yaml successfully loaded]
[2025-01-10 22:35:59,207: INFO: common: yaml file  from these path schema.yaml successfully loaded]
[2025-01-10 22:35:59,212: INFO: common: successfully created directory at :artifacts]
[2025-01-10 22:35:59,213: INFO: common: successfully created directory at :artifacts/model_evaluation]
[2025-01-10 22:40:22,821: INFO: common: yaml file  from these path config\config.yaml successfully loaded]
[2025-01-10 22:40:22,828: INFO: common: yaml file  from these path params.yaml successfully loaded]
[2025-01-10 22:40:22,832: INFO: common: yaml file  from these path schema.yaml successfully loaded]
[2025-01-10 22:40:22,834: INFO: common: successfully created directory at :artifacts]
[2025-01-10 22:40:22,836: INFO: common: successfully created directory at :artifacts/model_evaluation]
[2025-01-10 22:46:15,712: INFO: common: yaml file  from these path config\config.yaml successfully loaded]
[2025-01-10 22:46:15,712: INFO: common: yaml file  from these path params.yaml successfully loaded]
[2025-01-10 22:46:15,712: INFO: common: yaml file  from these path schema.yaml successfully loaded]
[2025-01-10 22:46:15,712: INFO: common: successfully created directory at :artifacts]
[2025-01-10 22:46:15,712: INFO: common: successfully created directory at :artifacts/model_evaluation]
[2025-01-10 22:52:07,399: INFO: common: yaml file  from these path config\config.yaml successfully loaded]
[2025-01-10 22:52:07,403: INFO: common: yaml file  from these path params.yaml successfully loaded]
[2025-01-10 22:52:07,408: INFO: common: yaml file  from these path schema.yaml successfully loaded]
[2025-01-10 22:52:07,410: INFO: common: successfully created directory at :artifacts]
[2025-01-10 22:52:07,412: INFO: common: successfully created directory at :artifacts/model_evaluation]
[2025-01-10 22:52:07,550: WARNING: connectionpool: Retrying (Retry(total=4, connect=5, read=4, redirect=5, status=5)) after connection broken by 'RemoteDisconnected('Remote end closed connection without response')': /YagantiAshok177/datascienceproject.mlflow/api/2.0/mlflow/runs/create]
[2025-01-10 22:57:23,711: INFO: common: yaml file  from these path config\config.yaml successfully loaded]
[2025-01-10 22:57:23,713: INFO: common: yaml file  from these path params.yaml successfully loaded]
[2025-01-10 22:57:23,715: INFO: common: yaml file  from these path schema.yaml successfully loaded]
[2025-01-10 22:57:23,721: INFO: common: successfully created directory at :artifacts]
[2025-01-10 22:57:23,724: INFO: common: successfully created directory at :artifacts/model_evaluation]
[2025-01-10 22:57:26,843: WARNING: connectionpool: Retrying (Retry(total=4, connect=5, read=4, redirect=5, status=5)) after connection broken by 'RemoteDisconnected('Remote end closed connection without response')': /YagantiAshok177/datascienceproject.mlflow/api/2.0/mlflow/runs/create]
[2025-01-10 22:57:32,478: INFO: common: converted to json artifacts\model_evaluation\metrics.json]
[2025-01-10 22:58:17,830: INFO: common: yaml file  from these path config\config.yaml successfully loaded]
[2025-01-10 22:58:17,832: INFO: common: yaml file  from these path params.yaml successfully loaded]
[2025-01-10 22:58:17,833: INFO: common: yaml file  from these path schema.yaml successfully loaded]
[2025-01-10 22:58:17,837: INFO: common: successfully created directory at :artifacts]
[2025-01-10 22:58:17,837: INFO: common: successfully created directory at :artifacts/model_evaluation]
[2025-01-10 22:58:18,448: INFO: common: converted to json artifacts\model_evaluation\metrics.json]
[2025-01-10 23:00:58,741: INFO: common: yaml file  from these path config\config.yaml successfully loaded]
[2025-01-10 23:00:58,741: INFO: common: yaml file  from these path params.yaml successfully loaded]
[2025-01-10 23:00:58,753: INFO: common: yaml file  from these path schema.yaml successfully loaded]
[2025-01-10 23:00:58,754: INFO: common: successfully created directory at :artifacts]
[2025-01-10 23:00:58,755: INFO: common: successfully created directory at :artifacts/model_evaluation]
[2025-01-10 23:00:59,623: INFO: common: converted to json artifacts\model_evaluation\metrics.json]
[2025-01-11 10:34:43,033: INFO: common: yaml file  from these path config\config.yaml successfully loaded]
[2025-01-11 10:34:43,042: INFO: common: yaml file  from these path params.yaml successfully loaded]
[2025-01-11 10:34:43,044: INFO: common: yaml file  from these path schema.yaml successfully loaded]
[2025-01-11 10:34:43,044: INFO: common: successfully created directory at :artifacts]
[2025-01-11 10:34:43,044: INFO: common: successfully created directory at :artifacts/data_validation]
